Using pre-set license
Built from '2020.3/release' branch; Version is '2020.3.2f1 (8fd9074bf66c) revision 9427207'; Using compiler version '192528614'; Build Type 'Release'
OS: 'Windows 10 Home; OS build 19043.1083; Version 2009; 64bit' Language: 'ja' Physical Memory: 8118 MB
BatchMode: 1, IsHumanControllingUs: 0, StartBugReporterOnCrash: 0, Is64bit: 1, IsPro: 0

 COMMAND LINE ARGUMENTS:
C:\Program Files\Unity\Hub\Editor\2020.3.2f1\Editor\Unity.exe
-adb2
-batchMode
-noUpm
-name
AssetImportWorker2
-projectPath
C:/Users/kyoka/UnityFolder/shooting
-logFile
Logs/AssetImportWorker2.log
-srvPort
59535
Successfully changed project path to: C:/Users/kyoka/UnityFolder/shooting
C:/Users/kyoka/UnityFolder/shooting
Using Asset Import Pipeline V2.
Refreshing native plugins compatible for Editor in 55.40 ms, found 0 plugins.
Preloading 0 native plugins for Editor in 0.00 ms.
Initialize engine version: 2020.3.2f1 (8fd9074bf66c)
[Subsystems] Discovering subsystems at path C:/Program Files/Unity/Hub/Editor/2020.3.2f1/Editor/Data/Resources/UnitySubsystems
[Subsystems] Discovering subsystems at path C:/Users/kyoka/UnityFolder/shooting/Assets
GfxDevice: creating device client; threaded=0
Direct3D:
    Version:  Direct3D 11.0 [level 11.1]
    Renderer: Intel(R) UHD Graphics 620 (ID=0x5917)
    Vendor:   
    VRAM:     4059 MB
    Driver:   27.20.100.9126
Initialize mono
Mono path[0] = 'C:/Program Files/Unity/Hub/Editor/2020.3.2f1/Editor/Data/Managed'
Mono path[1] = 'C:/Program Files/Unity/Hub/Editor/2020.3.2f1/Editor/Data/MonoBleedingEdge/lib/mono/unityjit'
Mono config path = 'C:/Program Files/Unity/Hub/Editor/2020.3.2f1/Editor/Data/MonoBleedingEdge/etc'
Using monoOptions --debugger-agent=transport=dt_socket,embedding=1,server=y,suspend=n,address=127.0.0.1:56084
Begin MonoManager ReloadAssembly
Registering precompiled unity dll's ...
Register platform support module: C:/Program Files/Unity/Hub/Editor/2020.3.2f1/Editor/Data/PlaybackEngines/WebGLSupport/UnityEditor.WebGL.Extensions.dll
Register platform support module: C:/Program Files/Unity/Hub/Editor/2020.3.2f1/Editor/Data/PlaybackEngines/WindowsStandaloneSupport/UnityEditor.WindowsStandalone.Extensions.dll
Registered in 0.005614 seconds.
Native extension for WindowsStandalone target not found
Native extension for WebGL target not found
Refreshing native plugins compatible for Editor in 42.39 ms, found 0 plugins.
Preloading 0 native plugins for Editor in 0.00 ms.
Invoked RoslynAnalysisRunner static constructor.
RoslynAnalysisRunner will not be running.
RoslynAnalysisRunner has terminated.
Mono: successfully reloaded assembly
- Completed reload, in  4.075 seconds
Platform modules already initialized, skipping
Registering precompiled user dll's ...
Registered in 0.047842 seconds.
Begin MonoManager ReloadAssembly
Native extension for WindowsStandalone target not found
Native extension for WebGL target not found
Refreshing native plugins compatible for Editor in 0.42 ms, found 0 plugins.
Preloading 0 native plugins for Editor in 0.00 ms.
Invoked RoslynAnalysisRunner static constructor.
RoslynAnalysisRunner will not be running.
RoslynAnalysisRunner has terminated.
Mono: successfully reloaded assembly
- Completed reload, in  1.634 seconds
Platform modules already initialized, skipping
========================================================================
Worker process is ready to serve import requests
Launched and connected shader compiler UnityShaderCompiler.exe after 0.15 seconds
Refreshing native plugins compatible for Editor in 0.55 ms, found 0 plugins.
Preloading 0 native plugins for Editor in 0.00 ms.
Unloading 1549 Unused Serialized files (Serialized files now loaded: 0)
System memory in use before: 96.4 MB.
System memory in use after: 96.5 MB.

Unloading 15 unused Assets to reduce memory usage. Loaded Objects now: 2008.
Total: 2.273000 ms (FindLiveObjects: 0.296900 ms CreateObjectMapping: 0.096000 ms MarkObjects: 1.770200 ms  DeleteObjects: 0.108800 ms)

========================================================================
Received Import Request.
  path: Assets/Scripts/GameScene/GameManager.cs
  artifactKey: Guid(7ba62f5c7ae729a458559b9cc248b82a) Importer(815301076,1909f56bfc062723c751e8b465ee728b)
Start importing Assets/Scripts/GameScene/GameManager.cs using Guid(7ba62f5c7ae729a458559b9cc248b82a) Importer(815301076,1909f56bfc062723c751e8b465ee728b)  -> (artifact id: '8ede29ffb7424b387d1fae1878fd5308') in 0.162164 seconds
  Import took 0.169437 seconds .

========================================================================
Received Import Request.
  Time since last request: 20.932715 seconds.
  path: Assets/Scripts/GameScene/GameManager.cs
  artifactKey: Guid(7ba62f5c7ae729a458559b9cc248b82a) Importer(815301076,1909f56bfc062723c751e8b465ee728b)
Start importing Assets/Scripts/GameScene/GameManager.cs using Guid(7ba62f5c7ae729a458559b9cc248b82a) Importer(815301076,1909f56bfc062723c751e8b465ee728b)  -> (artifact id: '5975bd87d215ff0133005277df58c1e1') in 0.020728 seconds
  Import took 0.027322 seconds .

========================================================================
Received Prepare
Registering precompiled user dll's ...
Registered in 0.008701 seconds.
Begin MonoManager ReloadAssembly
Native extension for WindowsStandalone target not found
Native extension for WebGL target not found
Refreshing native plugins compatible for Editor in 0.66 ms, found 0 plugins.
Preloading 0 native plugins for Editor in 0.00 ms.
Invoked RoslynAnalysisRunner static constructor.
RoslynAnalysisRunner will not be running.
RoslynAnalysisRunner has terminated.
Mono: successfully reloaded assembly
- Completed reload, in  1.599 seconds
Platform modules already initialized, skipping
Refreshing native plugins compatible for Editor in 0.44 ms, found 0 plugins.
Preloading 0 native plugins for Editor in 0.00 ms.
Unloading 1506 Unused Serialized files (Serialized files now loaded: 0)
System memory in use before: 92.6 MB.
System memory in use after: 92.7 MB.

Unloading 10 unused Assets to reduce memory usage. Loaded Objects now: 2012.
Total: 2.242300 ms (FindLiveObjects: 0.319300 ms CreateObjectMapping: 0.074600 ms MarkObjects: 1.754200 ms  DeleteObjects: 0.092100 ms)

========================================================================
Received Prepare
Registering precompiled user dll's ...
Registered in 0.035531 seconds.
Begin MonoManager ReloadAssembly
Native extension for WindowsStandalone target not found
Native extension for WebGL target not found
Refreshing native plugins compatible for Editor in 0.51 ms, found 0 plugins.
Preloading 0 native plugins for Editor in 0.00 ms.
Invoked RoslynAnalysisRunner static constructor.
RoslynAnalysisRunner will not be running.
RoslynAnalysisRunner has terminated.
Mono: successfully reloaded assembly
- Completed reload, in  1.975 seconds
Platform modules already initialized, skipping
Refreshing native plugins compatible for Editor in 0.43 ms, found 0 plugins.
Preloading 0 native plugins for Editor in 0.00 ms.
Unloading 1506 Unused Serialized files (Serialized files now loaded: 0)
System memory in use before: 92.7 MB.
System memory in use after: 92.8 MB.

Unloading 10 unused Assets to reduce memory usage. Loaded Objects now: 2016.
Total: 2.818100 ms (FindLiveObjects: 0.348400 ms CreateObjectMapping: 0.078700 ms MarkObjects: 2.241600 ms  DeleteObjects: 0.147300 ms)

========================================================================
Received Prepare
Registering precompiled user dll's ...
Registered in 0.009320 seconds.
Begin MonoManager ReloadAssembly
Native extension for WindowsStandalone target not found
Native extension for WebGL target not found
Refreshing native plugins compatible for Editor in 0.42 ms, found 0 plugins.
Preloading 0 native plugins for Editor in 0.00 ms.
Invoked RoslynAnalysisRunner static constructor.
RoslynAnalysisRunner will not be running.
RoslynAnalysisRunner has terminated.
Mono: successfully reloaded assembly
- Completed reload, in  1.374 seconds
Platform modules already initialized, skipping
Refreshing native plugins compatible for Editor in 0.37 ms, found 0 plugins.
Preloading 0 native plugins for Editor in 0.00 ms.
Unloading 1506 Unused Serialized files (Serialized files now loaded: 0)
System memory in use before: 92.7 MB.
System memory in use after: 92.8 MB.

Unloading 10 unused Assets to reduce memory usage. Loaded Objects now: 2020.
Total: 1.950000 ms (FindLiveObjects: 0.230600 ms CreateObjectMapping: 0.071400 ms MarkObjects: 1.545900 ms  DeleteObjects: 0.100900 ms)

========================================================================
Received Prepare
Registering precompiled user dll's ...
Registered in 0.007884 seconds.
Begin MonoManager ReloadAssembly
Native extension for WindowsStandalone target not found
Native extension for WebGL target not found
Refreshing native plugins compatible for Editor in 0.60 ms, found 0 plugins.
Preloading 0 native plugins for Editor in 0.00 ms.
Invoked RoslynAnalysisRunner static constructor.
RoslynAnalysisRunner will not be running.
RoslynAnalysisRunner has terminated.
Mono: successfully reloaded assembly
- Completed reload, in  1.498 seconds
Platform modules already initialized, skipping
Refreshing native plugins compatible for Editor in 0.39 ms, found 0 plugins.
Preloading 0 native plugins for Editor in 0.00 ms.
Unloading 1506 Unused Serialized files (Serialized files now loaded: 0)
System memory in use before: 92.7 MB.
System memory in use after: 92.8 MB.

Unloading 10 unused Assets to reduce memory usage. Loaded Objects now: 2024.
Total: 2.096700 ms (FindLiveObjects: 0.187300 ms CreateObjectMapping: 0.063400 ms MarkObjects: 1.729200 ms  DeleteObjects: 0.115600 ms)

========================================================================
Received Prepare
Refreshing native plugins compatible for Editor in 4.41 ms, found 0 plugins.
Preloading 0 native plugins for Editor in 0.00 ms.
Unloading 8 Unused Serialized files (Serialized files now loaded: 0)
System memory in use before: 63.0 MB.
System memory in use after: 63.1 MB.

Unloading 8 unused Assets to reduce memory usage. Loaded Objects now: 2024.
Total: 3.716400 ms (FindLiveObjects: 0.368700 ms CreateObjectMapping: 0.160800 ms MarkObjects: 3.007300 ms  DeleteObjects: 0.177300 ms)

========================================================================
Received Prepare
Registering precompiled user dll's ...
Registered in 0.020099 seconds.
Begin MonoManager ReloadAssembly
Native extension for WindowsStandalone target not found
Native extension for WebGL target not found
Refreshing native plugins compatible for Editor in 1.05 ms, found 0 plugins.
Preloading 0 native plugins for Editor in 0.00 ms.
Invoked RoslynAnalysisRunner static constructor.
RoslynAnalysisRunner will not be running.
RoslynAnalysisRunner has terminated.
Mono: successfully reloaded assembly
- Completed reload, in  3.309 seconds
Platform modules already initialized, skipping
Refreshing native plugins compatible for Editor in 1.40 ms, found 0 plugins.
Preloading 0 native plugins for Editor in 0.00 ms.
Unloading 1506 Unused Serialized files (Serialized files now loaded: 0)
System memory in use before: 92.7 MB.
System memory in use after: 92.8 MB.

Unloading 10 unused Assets to reduce memory usage. Loaded Objects now: 2028.
Total: 14.615500 ms (FindLiveObjects: 1.049500 ms CreateObjectMapping: 0.426300 ms MarkObjects: 11.686100 ms  DeleteObjects: 1.446900 ms)

========================================================================
Received Prepare
Registering precompiled user dll's ...
Registered in 0.010943 seconds.
Begin MonoManager ReloadAssembly
Native extension for WindowsStandalone target not found
Native extension for WebGL target not found
Refreshing native plugins compatible for Editor in 0.37 ms, found 0 plugins.
Preloading 0 native plugins for Editor in 0.00 ms.
Invoked RoslynAnalysisRunner static constructor.
RoslynAnalysisRunner will not be running.
RoslynAnalysisRunner has terminated.
Mono: successfully reloaded assembly
- Completed reload, in  1.279 seconds
Platform modules already initialized, skipping
Refreshing native plugins compatible for Editor in 0.43 ms, found 0 plugins.
Preloading 0 native plugins for Editor in 0.00 ms.
Unloading 1506 Unused Serialized files (Serialized files now loaded: 0)
System memory in use before: 92.7 MB.
System memory in use after: 92.8 MB.

Unloading 10 unused Assets to reduce memory usage. Loaded Objects now: 2032.
Total: 2.292700 ms (FindLiveObjects: 0.170900 ms CreateObjectMapping: 0.053700 ms MarkObjects: 1.956700 ms  DeleteObjects: 0.110000 ms)

========================================================================
Received Prepare
Registering precompiled user dll's ...
Registered in 0.005952 seconds.
Begin MonoManager ReloadAssembly
Native extension for WindowsStandalone target not found
Native extension for WebGL target not found
Refreshing native plugins compatible for Editor in 0.38 ms, found 0 plugins.
Preloading 0 native plugins for Editor in 0.00 ms.
Invoked RoslynAnalysisRunner static constructor.
RoslynAnalysisRunner will not be running.
RoslynAnalysisRunner has terminated.
Mono: successfully reloaded assembly
- Completed reload, in  3.183 seconds
Platform modules already initialized, skipping
Refreshing native plugins compatible for Editor in 0.39 ms, found 0 plugins.
Preloading 0 native plugins for Editor in 0.00 ms.
Unloading 1506 Unused Serialized files (Serialized files now loaded: 0)
System memory in use before: 92.7 MB.
System memory in use after: 92.8 MB.

Unloading 10 unused Assets to reduce memory usage. Loaded Objects now: 2036.
Total: 3.684900 ms (FindLiveObjects: 0.291000 ms CreateObjectMapping: 0.177700 ms MarkObjects: 3.052500 ms  DeleteObjects: 0.161500 ms)

========================================================================
Received Prepare
Refreshing native plugins compatible for Editor in 4.12 ms, found 0 plugins.
Preloading 0 native plugins for Editor in 0.00 ms.
Unloading 8 Unused Serialized files (Serialized files now loaded: 0)
System memory in use before: 63.1 MB.
System memory in use after: 63.1 MB.

Unloading 8 unused Assets to reduce memory usage. Loaded Objects now: 2036.
Total: 2.149300 ms (FindLiveObjects: 0.171900 ms CreateObjectMapping: 0.052500 ms MarkObjects: 1.791300 ms  DeleteObjects: 0.132700 ms)

========================================================================
Received Prepare
Registering precompiled user dll's ...
Registered in 0.020716 seconds.
Begin MonoManager ReloadAssembly
Native extension for WindowsStandalone target not found
Native extension for WebGL target not found
Refreshing native plugins compatible for Editor in 1.09 ms, found 0 plugins.
Preloading 0 native plugins for Editor in 0.00 ms.
Invoked RoslynAnalysisRunner static constructor.
RoslynAnalysisRunner will not be running.
RoslynAnalysisRunner has terminated.
Mono: successfully reloaded assembly
- Completed reload, in  3.188 seconds
Platform modules already initialized, skipping
Refreshing native plugins compatible for Editor in 3.85 ms, found 0 plugins.
Preloading 0 native plugins for Editor in 0.00 ms.
Unloading 1506 Unused Serialized files (Serialized files now loaded: 0)
System memory in use before: 92.7 MB.
System memory in use after: 92.8 MB.

Unloading 10 unused Assets to reduce memory usage. Loaded Objects now: 2040.
Total: 10.317700 ms (FindLiveObjects: 0.956700 ms CreateObjectMapping: 0.600900 ms MarkObjects: 7.976000 ms  DeleteObjects: 0.770800 ms)

========================================================================
Received Prepare
Registering precompiled user dll's ...
Registered in 0.045008 seconds.
Begin MonoManager ReloadAssembly
Native extension for WindowsStandalone target not found
Native extension for WebGL target not found
Refreshing native plugins compatible for Editor in 0.59 ms, found 0 plugins.
Preloading 0 native plugins for Editor in 0.00 ms.
Invoked RoslynAnalysisRunner static constructor.
RoslynAnalysisRunner will not be running.
RoslynAnalysisRunner has terminated.
Mono: successfully reloaded assembly
- Completed reload, in  1.182 seconds
Platform modules already initialized, skipping
Refreshing native plugins compatible for Editor in 0.38 ms, found 0 plugins.
Preloading 0 native plugins for Editor in 0.00 ms.
Unloading 1506 Unused Serialized files (Serialized files now loaded: 0)
System memory in use before: 92.7 MB.
System memory in use after: 92.8 MB.

Unloading 10 unused Assets to reduce memory usage. Loaded Objects now: 2044.
Total: 2.094600 ms (FindLiveObjects: 0.165400 ms CreateObjectMapping: 0.054500 ms MarkObjects: 1.767300 ms  DeleteObjects: 0.106400 ms)

========================================================================
Received Prepare
Refreshing native plugins compatible for Editor in 6.17 ms, found 0 plugins.
Preloading 0 native plugins for Editor in 0.00 ms.
Unloading 8 Unused Serialized files (Serialized files now loaded: 0)
System memory in use before: 63.1 MB.
System memory in use after: 63.2 MB.

Unloading 8 unused Assets to reduce memory usage. Loaded Objects now: 2044.
Total: 3.259800 ms (FindLiveObjects: 0.249100 ms CreateObjectMapping: 0.071700 ms MarkObjects: 2.799400 ms  DeleteObjects: 0.137300 ms)

========================================================================
Received Prepare
Registering precompiled user dll's ...
Registered in 0.016099 seconds.
Begin MonoManager ReloadAssembly
Native extension for WindowsStandalone target not found
Native extension for WebGL target not found
Refreshing native plugins compatible for Editor in 5.41 ms, found 0 plugins.
Preloading 0 native plugins for Editor in 0.00 ms.
Invoked RoslynAnalysisRunner static constructor.
RoslynAnalysisRunner will not be running.
RoslynAnalysisRunner has terminated.
Mono: successfully reloaded assembly
- Completed reload, in 10.737 seconds
Platform modules already initialized, skipping
Refreshing native plugins compatible for Editor in 1.37 ms, found 0 plugins.
Preloading 0 native plugins for Editor in 0.00 ms.
Unloading 1506 Unused Serialized files (Serialized files now loaded: 0)
System memory in use before: 92.7 MB.
System memory in use after: 92.8 MB.

Unloading 10 unused Assets to reduce memory usage. Loaded Objects now: 2048.
Total: 19.649300 ms (FindLiveObjects: 1.140200 ms CreateObjectMapping: 0.914100 ms MarkObjects: 16.894100 ms  DeleteObjects: 0.694400 ms)

========================================================================
Received Prepare
Registering precompiled user dll's ...
Registered in 0.010736 seconds.
Begin MonoManager ReloadAssembly
Native extension for WindowsStandalone target not found
Native extension for WebGL target not found
Refreshing native plugins compatible for Editor in 1.74 ms, found 0 plugins.
Preloading 0 native plugins for Editor in 0.00 ms.
Invoked RoslynAnalysisRunner static constructor.
RoslynAnalysisRunner will not be running.
RoslynAnalysisRunner has terminated.
Mono: successfully reloaded assembly
- Completed reload, in  3.016 seconds
Platform modules already initialized, skipping
Refreshing native plugins compatible for Editor in 1.24 ms, found 0 plugins.
Preloading 0 native plugins for Editor in 0.00 ms.
Unloading 1506 Unused Serialized files (Serialized files now loaded: 0)
System memory in use before: 92.7 MB.
System memory in use after: 92.8 MB.

Unloading 10 unused Assets to reduce memory usage. Loaded Objects now: 2052.
Total: 5.152500 ms (FindLiveObjects: 0.351500 ms CreateObjectMapping: 0.108700 ms MarkObjects: 4.331000 ms  DeleteObjects: 0.358100 ms)

========================================================================
Received Prepare
Registering precompiled user dll's ...
Registered in 0.018461 seconds.
Begin MonoManager ReloadAssembly
Native extension for WindowsStandalone target not found
Native extension for WebGL target not found
Refreshing native plugins compatible for Editor in 2.21 ms, found 0 plugins.
Preloading 0 native plugins for Editor in 0.00 ms.
Invoked RoslynAnalysisRunner static constructor.
RoslynAnalysisRunner will not be running.
RoslynAnalysisRunner has terminated.
Mono: successfully reloaded assembly
- Completed reload, in  7.843 seconds
Platform modules already initialized, skipping
Refreshing native plugins compatible for Editor in 1.21 ms, found 0 plugins.
Preloading 0 native plugins for Editor in 0.00 ms.
Unloading 1506 Unused Serialized files (Serialized files now loaded: 0)
System memory in use before: 92.8 MB.
System memory in use after: 92.8 MB.

Unloading 10 unused Assets to reduce memory usage. Loaded Objects now: 2056.
Total: 9.961900 ms (FindLiveObjects: 0.751300 ms CreateObjectMapping: 0.344500 ms MarkObjects: 8.494100 ms  DeleteObjects: 0.367300 ms)

========================================================================
Received Prepare
Registering precompiled user dll's ...
Registered in 0.007645 seconds.
Begin MonoManager ReloadAssembly
Native extension for WindowsStandalone target not found
Native extension for WebGL target not found
Refreshing native plugins compatible for Editor in 0.62 ms, found 0 plugins.
Preloading 0 native plugins for Editor in 0.00 ms.
Invoked RoslynAnalysisRunner static constructor.
RoslynAnalysisRunner will not be running.
RoslynAnalysisRunner has terminated.
Mono: successfully reloaded assembly
- Completed reload, in  2.873 seconds
Platform modules already initialized, skipping
Refreshing native plugins compatible for Editor in 1.30 ms, found 0 plugins.
Preloading 0 native plugins for Editor in 0.00 ms.
Unloading 1506 Unused Serialized files (Serialized files now loaded: 0)
System memory in use before: 92.8 MB.
System memory in use after: 92.8 MB.

Unloading 10 unused Assets to reduce memory usage. Loaded Objects now: 2060.
Total: 6.732600 ms (FindLiveObjects: 0.601300 ms CreateObjectMapping: 0.319100 ms MarkObjects: 5.592500 ms  DeleteObjects: 0.214800 ms)

========================================================================
Received Prepare
Registering precompiled user dll's ...
Registered in 0.009384 seconds.
Begin MonoManager ReloadAssembly
Native extension for WindowsStandalone target not found
Native extension for WebGL target not found
Refreshing native plugins compatible for Editor in 0.37 ms, found 0 plugins.
Preloading 0 native plugins for Editor in 0.00 ms.
Invoked RoslynAnalysisRunner static constructor.
RoslynAnalysisRunner will not be running.
RoslynAnalysisRunner has terminated.
Mono: successfully reloaded assembly
- Completed reload, in  1.211 seconds
Platform modules already initialized, skipping
Refreshing native plugins compatible for Editor in 0.37 ms, found 0 plugins.
Preloading 0 native plugins for Editor in 0.00 ms.
Unloading 1506 Unused Serialized files (Serialized files now loaded: 0)
System memory in use before: 92.8 MB.
System memory in use after: 92.8 MB.

Unloading 10 unused Assets to reduce memory usage. Loaded Objects now: 2064.
Total: 1.967800 ms (FindLiveObjects: 0.178800 ms CreateObjectMapping: 0.064500 ms MarkObjects: 1.613200 ms  DeleteObjects: 0.109900 ms)

========================================================================
Received Prepare
Registering precompiled user dll's ...
Registered in 0.005883 seconds.
Begin MonoManager ReloadAssembly
Native extension for WindowsStandalone target not found
Native extension for WebGL target not found
Refreshing native plugins compatible for Editor in 0.41 ms, found 0 plugins.
Preloading 0 native plugins for Editor in 0.00 ms.
Invoked RoslynAnalysisRunner static constructor.
RoslynAnalysisRunner will not be running.
RoslynAnalysisRunner has terminated.
Mono: successfully reloaded assembly
- Completed reload, in  1.202 seconds
Platform modules already initialized, skipping
Refreshing native plugins compatible for Editor in 0.38 ms, found 0 plugins.
Preloading 0 native plugins for Editor in 0.00 ms.
Unloading 1506 Unused Serialized files (Serialized files now loaded: 0)
System memory in use before: 92.8 MB.
System memory in use after: 92.8 MB.

Unloading 10 unused Assets to reduce memory usage. Loaded Objects now: 2068.
Total: 2.361100 ms (FindLiveObjects: 0.249700 ms CreateObjectMapping: 0.062100 ms MarkObjects: 1.926700 ms  DeleteObjects: 0.121400 ms)

========================================================================
Received Prepare
Refreshing native plugins compatible for Editor in 3.26 ms, found 0 plugins.
Preloading 0 native plugins for Editor in 0.00 ms.
Unloading 8 Unused Serialized files (Serialized files now loaded: 0)
System memory in use before: 63.1 MB.
System memory in use after: 63.2 MB.

Unloading 8 unused Assets to reduce memory usage. Loaded Objects now: 2068.
Total: 2.841400 ms (FindLiveObjects: 0.174900 ms CreateObjectMapping: 0.060400 ms MarkObjects: 2.492900 ms  DeleteObjects: 0.111200 ms)

========================================================================
Received Prepare
Registering precompiled user dll's ...
Registered in 0.013269 seconds.
Begin MonoManager ReloadAssembly
Native extension for WindowsStandalone target not found
Native extension for WebGL target not found
Refreshing native plugins compatible for Editor in 2.68 ms, found 0 plugins.
Preloading 0 native plugins for Editor in 0.00 ms.
Invoked RoslynAnalysisRunner static constructor.
RoslynAnalysisRunner will not be running.
RoslynAnalysisRunner has terminated.
Mono: successfully reloaded assembly
- Completed reload, in  5.294 seconds
Platform modules already initialized, skipping
Refreshing native plugins compatible for Editor in 3.97 ms, found 0 plugins.
Preloading 0 native plugins for Editor in 0.00 ms.
Unloading 1506 Unused Serialized files (Serialized files now loaded: 0)
System memory in use before: 92.8 MB.
System memory in use after: 92.9 MB.

Unloading 10 unused Assets to reduce memory usage. Loaded Objects now: 2072.
Total: 11.766100 ms (FindLiveObjects: 1.239400 ms CreateObjectMapping: 0.293200 ms MarkObjects: 9.454600 ms  DeleteObjects: 0.772200 ms)

========================================================================
Received Prepare
Refreshing native plugins compatible for Editor in 3.28 ms, found 0 plugins.
Preloading 0 native plugins for Editor in 0.00 ms.
Unloading 8 Unused Serialized files (Serialized files now loaded: 0)
System memory in use before: 63.1 MB.
System memory in use after: 63.2 MB.

Unloading 8 unused Assets to reduce memory usage. Loaded Objects now: 2072.
Total: 3.696000 ms (FindLiveObjects: 0.225000 ms CreateObjectMapping: 0.061300 ms MarkObjects: 3.251400 ms  DeleteObjects: 0.156600 ms)

========================================================================
Received Prepare
Registering precompiled user dll's ...
Registered in 0.013332 seconds.
Begin MonoManager ReloadAssembly
Native extension for WindowsStandalone target not found
Native extension for WebGL target not found
Refreshing native plugins compatible for Editor in 0.63 ms, found 0 plugins.
Preloading 0 native plugins for Editor in 0.00 ms.
Invoked RoslynAnalysisRunner static constructor.
RoslynAnalysisRunner will not be running.
RoslynAnalysisRunner has terminated.
Mono: successfully reloaded assembly
- Completed reload, in  2.880 seconds
Platform modules already initialized, skipping
Refreshing native plugins compatible for Editor in 0.57 ms, found 0 plugins.
Preloading 0 native plugins for Editor in 0.00 ms.
Unloading 1506 Unused Serialized files (Serialized files now loaded: 0)
System memory in use before: 92.8 MB.
System memory in use after: 92.9 MB.

Unloading 10 unused Assets to reduce memory usage. Loaded Objects now: 2076.
Total: 5.276200 ms (FindLiveObjects: 0.524300 ms CreateObjectMapping: 0.254100 ms MarkObjects: 4.301300 ms  DeleteObjects: 0.193400 ms)

========================================================================
Received Prepare
Registering precompiled user dll's ...
Registered in 0.006928 seconds.
Begin MonoManager ReloadAssembly
Native extension for WindowsStandalone target not found
Native extension for WebGL target not found
Refreshing native plugins compatible for Editor in 0.44 ms, found 0 plugins.
Preloading 0 native plugins for Editor in 0.00 ms.
Invoked RoslynAnalysisRunner static constructor.
RoslynAnalysisRunner will not be running.
RoslynAnalysisRunner has terminated.
Mono: successfully reloaded assembly
- Completed reload, in  1.157 seconds
Platform modules already initialized, skipping
Refreshing native plugins compatible for Editor in 0.42 ms, found 0 plugins.
Preloading 0 native plugins for Editor in 0.00 ms.
Unloading 1506 Unused Serialized files (Serialized files now loaded: 0)
System memory in use before: 92.8 MB.
System memory in use after: 92.9 MB.

Unloading 10 unused Assets to reduce memory usage. Loaded Objects now: 2080.
Total: 2.368200 ms (FindLiveObjects: 0.191800 ms CreateObjectMapping: 0.057000 ms MarkObjects: 2.003100 ms  DeleteObjects: 0.115100 ms)

========================================================================
Received Prepare
Refreshing native plugins compatible for Editor in 4.63 ms, found 0 plugins.
Preloading 0 native plugins for Editor in 0.00 ms.
Unloading 8 Unused Serialized files (Serialized files now loaded: 0)
System memory in use before: 63.1 MB.
System memory in use after: 63.2 MB.

Unloading 8 unused Assets to reduce memory usage. Loaded Objects now: 2080.
Total: 2.067500 ms (FindLiveObjects: 0.192400 ms CreateObjectMapping: 0.054900 ms MarkObjects: 1.715500 ms  DeleteObjects: 0.103600 ms)

========================================================================
Received Prepare
Registering precompiled user dll's ...
Registered in 0.016533 seconds.
Begin MonoManager ReloadAssembly
Native extension for WindowsStandalone target not found
Native extension for WebGL target not found
Refreshing native plugins compatible for Editor in 2.25 ms, found 0 plugins.
Preloading 0 native plugins for Editor in 0.00 ms.
Invoked RoslynAnalysisRunner static constructor.
RoslynAnalysisRunner will not be running.
RoslynAnalysisRunner has terminated.
Mono: successfully reloaded assembly
- Completed reload, in  9.050 seconds
Platform modules already initialized, skipping
Refreshing native plugins compatible for Editor in 3.49 ms, found 0 plugins.
Preloading 0 native plugins for Editor in 0.00 ms.
Unloading 1506 Unused Serialized files (Serialized files now loaded: 0)
System memory in use before: 92.8 MB.
System memory in use after: 92.9 MB.

Unloading 10 unused Assets to reduce memory usage. Loaded Objects now: 2084.
Total: 19.489000 ms (FindLiveObjects: 1.566900 ms CreateObjectMapping: 0.542600 ms MarkObjects: 16.774300 ms  DeleteObjects: 0.599100 ms)

========================================================================
Received Import Request.
  Time since last request: 10596.193558 seconds.
  path: Assets/Scenes/ObjScene.unity
  artifactKey: Guid(3948793d3973b6943b3865d3dba65ee3) Importer(815301076,1909f56bfc062723c751e8b465ee728b)
Start importing Assets/Scenes/ObjScene.unity using Guid(3948793d3973b6943b3865d3dba65ee3) Importer(815301076,1909f56bfc062723c751e8b465ee728b)  -> (artifact id: 'f9f2a3928f76914afe3f45ce7df64d6e') in 0.034236 seconds
  Import took 0.039810 seconds .

========================================================================
Received Import Request.
  Time since last request: 8268.739592 seconds.
  path: Assets/Model/arrow.fbx
  artifactKey: Guid(04edaaed94edc394cb4635e6a0deb1fd) Importer(815301076,1909f56bfc062723c751e8b465ee728b)
Start importing Assets/Model/arrow.fbx using Guid(04edaaed94edc394cb4635e6a0deb1fd) Importer(815301076,1909f56bfc062723c751e8b465ee728b)  -> (artifact id: '6ba3ac749705a722316f178170164ffe') in 1.075739 seconds
  Import took 1.346376 seconds .

========================================================================
Received Import Request.
  Time since last request: 2.918265 seconds.
  path: Assets/Model/bow.fbx
  artifactKey: Guid(9eada7f6022d64148ae71b1d7045f5c0) Importer(815301076,1909f56bfc062723c751e8b465ee728b)
Start importing Assets/Model/bow.fbx using Guid(9eada7f6022d64148ae71b1d7045f5c0) Importer(815301076,1909f56bfc062723c751e8b465ee728b)  -> (artifact id: 'a2141496fa76d04a06063938b37e723e') in 0.071040 seconds
  Import took 0.075589 seconds .

========================================================================
Received Import Request.
  Time since last request: 16.301093 seconds.
  path: Assets/Animation
  artifactKey: Guid(17ecc786fecfafc469d2c64a8617a234) Importer(815301076,1909f56bfc062723c751e8b465ee728b)
Start importing Assets/Animation using Guid(17ecc786fecfafc469d2c64a8617a234) Importer(815301076,1909f56bfc062723c751e8b465ee728b)  -> (artifact id: '9bd0f210cdb02365685f99d6c79dd50c') in 0.019340 seconds
  Import took 0.023318 seconds .

========================================================================
Received Import Request.
  Time since last request: 349.135714 seconds.
  path: Assets/Model/Import
  artifactKey: Guid(0747344de7a491b4d8ac1cb192295fe6) Importer(815301076,1909f56bfc062723c751e8b465ee728b)
Start importing Assets/Model/Import using Guid(0747344de7a491b4d8ac1cb192295fe6) Importer(815301076,1909f56bfc062723c751e8b465ee728b)  -> (artifact id: '62aabf1344daae76a1bdddeb3c094af6') in 0.016556 seconds
  Import took 0.021513 seconds .

========================================================================
Received Import Request.
  Time since last request: 0.109257 seconds.
  path: Assets/Model/Import/bow.fbx
  artifactKey: Guid(c329a971ea44a0842b689bf9cb45c8bc) Importer(815301076,1909f56bfc062723c751e8b465ee728b)
Start importing Assets/Model/Import/bow.fbx using Guid(c329a971ea44a0842b689bf9cb45c8bc) Importer(815301076,1909f56bfc062723c751e8b465ee728b)  -> (artifact id: 'c96ad7eed54d31256d4c60ce3aa599af') in 0.061036 seconds
  Import took 0.065264 seconds .

========================================================================
Received Import Request.
  Time since last request: 32.514178 seconds.
  path: Assets/Model/Materials/cherryblossom2Large_cut1.mat
  artifactKey: Guid(0d47fdaadbcbc3f4bab41be30f0ababc) Importer(815301076,1909f56bfc062723c751e8b465ee728b)
Start importing Assets/Model/Materials/cherryblossom2Large_cut1.mat using Guid(0d47fdaadbcbc3f4bab41be30f0ababc) Importer(815301076,1909f56bfc062723c751e8b465ee728b)  -> (artifact id: '4583eccb85e9ba1f1631fae52d2fc072') in 0.046902 seconds
  Import took 0.051476 seconds .

========================================================================
Received Import Request.
  Time since last request: 2.402481 seconds.
  path: Assets/Model/Assets
  artifactKey: Guid(46567df069e6cfe44ba3c809567b0af1) Importer(815301076,1909f56bfc062723c751e8b465ee728b)
Start importing Assets/Model/Assets using Guid(46567df069e6cfe44ba3c809567b0af1) Importer(815301076,1909f56bfc062723c751e8b465ee728b)  -> (artifact id: '9dbfa4b8ab35dbea2290a689cbae44a3') in 0.011666 seconds
  Import took 0.024749 seconds .

========================================================================
Received Import Request.
  Time since last request: 2954.329795 seconds.
  path: Assets/Model/Import/New Animation.anim
  artifactKey: Guid(968cab50420818c40b1cb54ce6b0f5dd) Importer(815301076,1909f56bfc062723c751e8b465ee728b)
Start importing Assets/Model/Import/New Animation.anim using Guid(968cab50420818c40b1cb54ce6b0f5dd) Importer(815301076,1909f56bfc062723c751e8b465ee728b)  -> (artifact id: '7396f470d9394d1c4433292e562aacbd') in 0.063574 seconds
  Import took 0.175588 seconds .

========================================================================
Received Import Request.
  Time since last request: 481.782282 seconds.
  path: Assets/Model/bow.fbx
  artifactKey: Guid(9eada7f6022d64148ae71b1d7045f5c0) Importer(815301076,1909f56bfc062723c751e8b465ee728b)
Start importing Assets/Model/bow.fbx using Guid(9eada7f6022d64148ae71b1d7045f5c0) Importer(815301076,1909f56bfc062723c751e8b465ee728b)  -> (artifact id: 'a3fcb0584fd8814aad9f490f5ef4d155') in 0.230845 seconds
  Import took 0.238334 seconds .

========================================================================
Received Import Request.
  Time since last request: 180.970797 seconds.
  path: Assets/Model/bow.fbx
  artifactKey: Guid(9eada7f6022d64148ae71b1d7045f5c0) Importer(815301076,1909f56bfc062723c751e8b465ee728b)
Start importing Assets/Model/bow.fbx using Guid(9eada7f6022d64148ae71b1d7045f5c0) Importer(815301076,1909f56bfc062723c751e8b465ee728b)  -> (artifact id: '9a97ad2af97be922bbc07e204b673ea7') in 0.138445 seconds
  Import took 0.145155 seconds .

========================================================================
Received Import Request.
  Time since last request: 1.054149 seconds.
  path: Assets/Model/Materials/blinn1.mat
  artifactKey: Guid(4a8a85dce39cb2e4d8d0364256485263) Importer(815301076,1909f56bfc062723c751e8b465ee728b)
Start importing Assets/Model/Materials/blinn1.mat using Guid(4a8a85dce39cb2e4d8d0364256485263) Importer(815301076,1909f56bfc062723c751e8b465ee728b)  -> (artifact id: '07ecdca92a27f2eea0be83372a17bf14') in 0.033266 seconds
  Import took 0.039609 seconds .

========================================================================
Received Import Request.
  Time since last request: 0.000768 seconds.
  path: Assets/Model/Materials/standardSurface2.mat
  artifactKey: Guid(6679842e843ed484cb6730aa57514db4) Importer(815301076,1909f56bfc062723c751e8b465ee728b)
Start importing Assets/Model/Materials/standardSurface2.mat using Guid(6679842e843ed484cb6730aa57514db4) Importer(815301076,1909f56bfc062723c751e8b465ee728b)  -> (artifact id: 'fa9d46287dd704454ee179dbded91d16') in 0.033287 seconds
  Import took 0.039150 seconds .

========================================================================
Received Import Request.
  Time since last request: 755.198082 seconds.
  path: Assets/Model/Assets/bow.fbx
  artifactKey: Guid(79bd672bc0604f141b9636c3482994de) Importer(815301076,1909f56bfc062723c751e8b465ee728b)
Start importing Assets/Model/Assets/bow.fbx using Guid(79bd672bc0604f141b9636c3482994de) Importer(815301076,1909f56bfc062723c751e8b465ee728b)  -> (artifact id: '19124b5882095c1cbf159bac2ab2aa1f') in 0.072323 seconds
  Import took 0.079160 seconds .

========================================================================
Received Import Request.
  Time since last request: 1282.037677 seconds.
  path: Assets/Model/Assets/arrow.fbx
  artifactKey: Guid(8b34770a8ce889743baa8f32b6a1148e) Importer(815301076,1909f56bfc062723c751e8b465ee728b)
Start importing Assets/Model/Assets/arrow.fbx using Guid(8b34770a8ce889743baa8f32b6a1148e) Importer(815301076,1909f56bfc062723c751e8b465ee728b)  -> (artifact id: 'e1367fd8f83e448e8f7736cf31bd28d5') in 0.151633 seconds
  Import took 0.159887 seconds .

========================================================================
Received Import Request.
  Time since last request: 0.000279 seconds.
  path: Assets/Model/Assets/bow.fbx
  artifactKey: Guid(79bd672bc0604f141b9636c3482994de) Importer(815301076,1909f56bfc062723c751e8b465ee728b)
Start importing Assets/Model/Assets/bow.fbx using Guid(79bd672bc0604f141b9636c3482994de) Importer(815301076,1909f56bfc062723c751e8b465ee728b)  -> (artifact id: '689b66459819b3600d2a2892f0322ff0') in 0.094459 seconds
  Import took 0.098751 seconds .

========================================================================
Received Import Request.
  Time since last request: 188.006912 seconds.
  path: Assets/Model/Assets/bow.fbx
  artifactKey: Guid(79bd672bc0604f141b9636c3482994de) Importer(815301076,1909f56bfc062723c751e8b465ee728b)
Start importing Assets/Model/Assets/bow.fbx using Guid(79bd672bc0604f141b9636c3482994de) Importer(815301076,1909f56bfc062723c751e8b465ee728b)  -> (artifact id: '1004bade135ae805db3a6ae4e3aad6e8') in 0.064562 seconds
  Import took 0.069184 seconds .

========================================================================
Received Import Request.
  Time since last request: 47.103583 seconds.
  path: Assets/Model/Assets/arrow.fbx
  artifactKey: Guid(8b34770a8ce889743baa8f32b6a1148e) Importer(815301076,1909f56bfc062723c751e8b465ee728b)
Start importing Assets/Model/Assets/arrow.fbx using Guid(8b34770a8ce889743baa8f32b6a1148e) Importer(815301076,1909f56bfc062723c751e8b465ee728b)  -> (artifact id: '3d32be7a51e6c26adb2e7ab2784e37c5') in 0.090852 seconds
  Import took 0.095987 seconds .

========================================================================
Received Import Request.
  Time since last request: 19.900164 seconds.
  path: Assets/Model/Materials/blinn2.mat
  artifactKey: Guid(3a54aebacc755cf449fe202c7165543d) Importer(815301076,1909f56bfc062723c751e8b465ee728b)
Start importing Assets/Model/Materials/blinn2.mat using Guid(3a54aebacc755cf449fe202c7165543d) Importer(815301076,1909f56bfc062723c751e8b465ee728b)  -> (artifact id: 'c4983cff3f758dc1f899c120fd520dab') in 0.025107 seconds
  Import took 0.030196 seconds .

========================================================================
Received Import Request.
  Time since last request: 0.000298 seconds.
  path: Assets/Model/Materials/lambert5.mat
  artifactKey: Guid(2ddab49e4d074154aa9a08388ee24b9a) Importer(815301076,1909f56bfc062723c751e8b465ee728b)
Start importing Assets/Model/Materials/lambert5.mat using Guid(2ddab49e4d074154aa9a08388ee24b9a) Importer(815301076,1909f56bfc062723c751e8b465ee728b)  -> (artifact id: 'e9ca2a4c39e099a1d6a0461d9a86a1e4') in 0.027031 seconds
  Import took 0.031032 seconds .

========================================================================
Received Import Request.
  Time since last request: 0.000378 seconds.
  path: Assets/Model/Materials/lambert6.mat
  artifactKey: Guid(16547a7e60d7f704689414b8ad192ffe) Importer(815301076,1909f56bfc062723c751e8b465ee728b)
Start importing Assets/Model/Materials/lambert6.mat using Guid(16547a7e60d7f704689414b8ad192ffe) Importer(815301076,1909f56bfc062723c751e8b465ee728b)  -> (artifact id: '8f3eda4d3ab32f75d2ba3be947ad947c') in 0.033402 seconds
  Import took 0.038606 seconds .

========================================================================
Received Import Request.
  Time since last request: 0.000463 seconds.
  path: Assets/Model/Materials/blinn3.mat
  artifactKey: Guid(2c2621f0ac8a2a448a1f6f7d3adb7e6a) Importer(815301076,1909f56bfc062723c751e8b465ee728b)
Start importing Assets/Model/Materials/blinn3.mat using Guid(2c2621f0ac8a2a448a1f6f7d3adb7e6a) Importer(815301076,1909f56bfc062723c751e8b465ee728b)  -> (artifact id: 'abaaf8ac1bad4038c46e22042f73de4d') in 0.031792 seconds
  Import took 0.037018 seconds .

========================================================================
Received Import Request.
  Time since last request: 182.703404 seconds.
  path: Assets/Model/Animation
  artifactKey: Guid(51fa8274984601242b871d65142e202d) Importer(815301076,1909f56bfc062723c751e8b465ee728b)
Start importing Assets/Model/Animation using Guid(51fa8274984601242b871d65142e202d) Importer(815301076,1909f56bfc062723c751e8b465ee728b)  -> (artifact id: 'e63da218c04897a275ed0f22ab6873d0') in 0.017272 seconds
  Import took 0.022415 seconds .

========================================================================
Received Import Request.
  Time since last request: 20.035838 seconds.
  path: Assets/Model/Animation/ArrowController.controller
  artifactKey: Guid(b7e16f689fc7cbc4ebf80e2bba9a0787) Importer(815301076,1909f56bfc062723c751e8b465ee728b)
Start importing Assets/Model/Animation/ArrowController.controller using Guid(b7e16f689fc7cbc4ebf80e2bba9a0787) Importer(815301076,1909f56bfc062723c751e8b465ee728b)  -> (artifact id: '3ebd1e1cbc129be5d6db7e5bb70aced2') in 0.071539 seconds
  Import took 0.077211 seconds .

========================================================================
Received Import Request.
  Time since last request: 309.018952 seconds.
  path: Assets/Material/ArrowMaterial.mat
  artifactKey: Guid(3dc1ea2641ec1ac4892d819a1eba62a4) Importer(815301076,1909f56bfc062723c751e8b465ee728b)
Start importing Assets/Material/ArrowMaterial.mat using Guid(3dc1ea2641ec1ac4892d819a1eba62a4) Importer(815301076,1909f56bfc062723c751e8b465ee728b)  -> (artifact id: '34dd6edcc43caa2c127eb78fc642f15d') in 0.264169 seconds
  Import took 0.533680 seconds .

========================================================================
Received Import Request.
  Time since last request: 206.975929 seconds.
  path: Assets/Model/Assets/arrow.fbx
  artifactKey: Guid(8b34770a8ce889743baa8f32b6a1148e) Importer(815301076,1909f56bfc062723c751e8b465ee728b)
Start importing Assets/Model/Assets/arrow.fbx using Guid(8b34770a8ce889743baa8f32b6a1148e) Importer(815301076,1909f56bfc062723c751e8b465ee728b)  -> (artifact id: '23edde81ed0dede5260cbf0d46ddd81c') in 0.106415 seconds
  Import took 0.111188 seconds .

========================================================================
Received Import Request.
  Time since last request: 4.923736 seconds.
  path: Assets/Model/Assets/arrow.fbx
  artifactKey: Guid(8b34770a8ce889743baa8f32b6a1148e) Importer(815301076,1909f56bfc062723c751e8b465ee728b)
Start importing Assets/Model/Assets/arrow.fbx using Guid(8b34770a8ce889743baa8f32b6a1148e) Importer(815301076,1909f56bfc062723c751e8b465ee728b)  -> (artifact id: '115385a26c5889156fccbe34a0f456c1') in 0.113560 seconds
  Import took 0.117250 seconds .

========================================================================
Received Import Request.
  Time since last request: 15.750411 seconds.
  path: Assets/Model/Assets/bow.fbx
  artifactKey: Guid(79bd672bc0604f141b9636c3482994de) Importer(815301076,1909f56bfc062723c751e8b465ee728b)
Start importing Assets/Model/Assets/bow.fbx using Guid(79bd672bc0604f141b9636c3482994de) Importer(815301076,1909f56bfc062723c751e8b465ee728b)  -> (artifact id: 'f5f9bb03d8e5ba82ba272282a36faf7b') in 0.071510 seconds
  Import took 0.076129 seconds .

========================================================================
Received Import Request.
  Time since last request: 9.701511 seconds.
  path: Assets/Model/Assets/bow.fbx
  artifactKey: Guid(79bd672bc0604f141b9636c3482994de) Importer(815301076,1909f56bfc062723c751e8b465ee728b)
Start importing Assets/Model/Assets/bow.fbx using Guid(79bd672bc0604f141b9636c3482994de) Importer(815301076,1909f56bfc062723c751e8b465ee728b)  -> (artifact id: '83c91fe3066aeed6db753c26a5feb49d') in 0.080390 seconds
  Import took 0.085373 seconds .

========================================================================
Received Import Request.
  Time since last request: 6.730308 seconds.
  path: Assets/Model/Assets/bow.fbx
  artifactKey: Guid(79bd672bc0604f141b9636c3482994de) Importer(815301076,1909f56bfc062723c751e8b465ee728b)
Start importing Assets/Model/Assets/bow.fbx using Guid(79bd672bc0604f141b9636c3482994de) Importer(815301076,1909f56bfc062723c751e8b465ee728b)  -> (artifact id: '94b5d1a5cb6e215e1076295c2da62617') in 0.077398 seconds
  Import took 0.083582 seconds .

========================================================================
Received Import Request.
  Time since last request: 74.539382 seconds.
  path: Assets/Model/Assets/bow.fbx
  artifactKey: Guid(79bd672bc0604f141b9636c3482994de) Importer(815301076,1909f56bfc062723c751e8b465ee728b)
Start importing Assets/Model/Assets/bow.fbx using Guid(79bd672bc0604f141b9636c3482994de) Importer(815301076,1909f56bfc062723c751e8b465ee728b)  -> (artifact id: 'dc0748b0a8940c41ccddc324df349019') in 0.097163 seconds
  Import took 0.102990 seconds .

========================================================================
Received Import Request.
  Time since last request: 185.647961 seconds.
  path: Assets/Prefab/Resources/unitychan.prefab
  artifactKey: Guid(3c97eaed2049b5b46a94126551a5a10a) Importer(815301076,1909f56bfc062723c751e8b465ee728b)
Start importing Assets/Prefab/Resources/unitychan.prefab using Guid(3c97eaed2049b5b46a94126551a5a10a) Importer(815301076,1909f56bfc062723c751e8b465ee728b)  -> (artifact id: '0fe9d0fc48f4a490508b6579775aff5a') in 0.786122 seconds
  Import took 0.794501 seconds .

========================================================================
Received Import Request.
  Time since last request: 1.432490 seconds.
  path: Assets/Prefab/Resources/unitychan.prefab
  artifactKey: Guid(3c97eaed2049b5b46a94126551a5a10a) Importer(815301076,1909f56bfc062723c751e8b465ee728b)
Start importing Assets/Prefab/Resources/unitychan.prefab using Guid(3c97eaed2049b5b46a94126551a5a10a) Importer(815301076,1909f56bfc062723c751e8b465ee728b)  -> (artifact id: '387398ad96c8aa3bea7272e168a23185') in 0.275231 seconds
  Import took 0.294554 seconds .

========================================================================
Received Import Request.
  Time since last request: 0.951276 seconds.
  path: Assets/Prefab/Resources/unitychan.prefab
  artifactKey: Guid(3c97eaed2049b5b46a94126551a5a10a) Importer(815301076,1909f56bfc062723c751e8b465ee728b)
Start importing Assets/Prefab/Resources/unitychan.prefab using Guid(3c97eaed2049b5b46a94126551a5a10a) Importer(815301076,1909f56bfc062723c751e8b465ee728b)  -> (artifact id: '8e506f7c1e756ff6091072216e23d261') in 0.204194 seconds
  Import took 0.213264 seconds .

========================================================================
Received Import Request.
  Time since last request: 940.888994 seconds.
  path: Assets/unity-chan!/Unity-chan! Model/Art/Animations/Animators/UnityChanLocomotions.controller
  artifactKey: Guid(8d5a0e0d58f4e4176a844a1a03976c19) Importer(815301076,1909f56bfc062723c751e8b465ee728b)
Start importing Assets/unity-chan!/Unity-chan! Model/Art/Animations/Animators/UnityChanLocomotions.controller using Guid(8d5a0e0d58f4e4176a844a1a03976c19) Importer(815301076,1909f56bfc062723c751e8b465ee728b)  -> (artifact id: '3c9463397bc999a7a04efd34b443dc82') in 0.147893 seconds
  Import took 0.154494 seconds .

========================================================================
Received Import Request.
  Time since last request: 178.811847 seconds.
  path: Assets/Model/Animation/ArrowController.controller
  artifactKey: Guid(b7e16f689fc7cbc4ebf80e2bba9a0787) Importer(815301076,1909f56bfc062723c751e8b465ee728b)
Start importing Assets/Model/Animation/ArrowController.controller using Guid(b7e16f689fc7cbc4ebf80e2bba9a0787) Importer(815301076,1909f56bfc062723c751e8b465ee728b)  -> (artifact id: '62fe41406ac8d003c1407b07370db216') in 0.022723 seconds
  Import took 0.027287 seconds .

========================================================================
Received Import Request.
  Time since last request: 151.348973 seconds.
  path: Assets/Animation/ArrowStandby.anim
  artifactKey: Guid(cf86cc83441d9cc42a9c4c620ce86faf) Importer(815301076,1909f56bfc062723c751e8b465ee728b)
Start importing Assets/Animation/ArrowStandby.anim using Guid(cf86cc83441d9cc42a9c4c620ce86faf) Importer(815301076,1909f56bfc062723c751e8b465ee728b)  -> (artifact id: 'cd30b02407722c1ef6c67a46bd19a25c') in 0.017962 seconds
  Import took 0.023608 seconds .

========================================================================
Received Import Request.
  Time since last request: 1516.627523 seconds.
  path: Assets/Model/Assets/arrow.fbx
  artifactKey: Guid(8b34770a8ce889743baa8f32b6a1148e) Importer(815301076,1909f56bfc062723c751e8b465ee728b)
Start importing Assets/Model/Assets/arrow.fbx using Guid(8b34770a8ce889743baa8f32b6a1148e) Importer(815301076,1909f56bfc062723c751e8b465ee728b)  -> (artifact id: 'ac4065819233d0a3719be5a4054fb245') in 0.242492 seconds
  Import took 0.248184 seconds .

========================================================================
Received Import Request.
  Time since last request: 614.775391 seconds.
  path: Assets/Animation/ArrowStandby.anim
  artifactKey: Guid(cf86cc83441d9cc42a9c4c620ce86faf) Importer(815301076,1909f56bfc062723c751e8b465ee728b)
Start importing Assets/Animation/ArrowStandby.anim using Guid(cf86cc83441d9cc42a9c4c620ce86faf) Importer(815301076,1909f56bfc062723c751e8b465ee728b)  -> (artifact id: 'f4a8d9a179f529bc9819a34536a74311') in 0.018925 seconds
  Import took 0.025769 seconds .

========================================================================
Received Import Request.
  Time since last request: 0.004732 seconds.
  path: Assets/Animation/ArrowStandby.anim
  artifactKey: Guid(cf86cc83441d9cc42a9c4c620ce86faf) Importer(815301076,1909f56bfc062723c751e8b465ee728b)
Start importing Assets/Animation/ArrowStandby.anim using Guid(cf86cc83441d9cc42a9c4c620ce86faf) Importer(815301076,1909f56bfc062723c751e8b465ee728b)  -> (artifact id: 'f4a8d9a179f529bc9819a34536a74311') in 0.022933 seconds
  Import took 0.029161 seconds .

========================================================================
Received Import Request.
  Time since last request: 115.742420 seconds.
  path: Assets/Animation/ArrowAnimation.anim
  artifactKey: Guid(2e09613717108584aa3ef275b4f16d40) Importer(815301076,1909f56bfc062723c751e8b465ee728b)
Start importing Assets/Animation/ArrowAnimation.anim using Guid(2e09613717108584aa3ef275b4f16d40) Importer(815301076,1909f56bfc062723c751e8b465ee728b)  -> (artifact id: 'bc6260b0366f0981cc0fa5536418a5b2') in 0.017000 seconds
  Import took 0.021559 seconds .

========================================================================
Received Import Request.
  Time since last request: 0.010433 seconds.
  path: Assets/Animation/ArrowAnimation.anim
  artifactKey: Guid(2e09613717108584aa3ef275b4f16d40) Importer(815301076,1909f56bfc062723c751e8b465ee728b)
Start importing Assets/Animation/ArrowAnimation.anim using Guid(2e09613717108584aa3ef275b4f16d40) Importer(815301076,1909f56bfc062723c751e8b465ee728b)  -> (artifact id: 'bc6260b0366f0981cc0fa5536418a5b2') in 0.018267 seconds
  Import took 0.021909 seconds .

========================================================================
Received Import Request.
  Time since last request: 9.065880 seconds.
  path: Assets/Animation/ArrowStandby.anim
  artifactKey: Guid(2e09613717108584aa3ef275b4f16d40) Importer(815301076,1909f56bfc062723c751e8b465ee728b)
Start importing Assets/Animation/ArrowStandby.anim using Guid(2e09613717108584aa3ef275b4f16d40) Importer(815301076,1909f56bfc062723c751e8b465ee728b)  -> (artifact id: '4f6c2684b7c5d7118aa93fec79ae5c44') in 0.016795 seconds
  Import took 0.022008 seconds .

========================================================================
Received Import Request.
  Time since last request: 2271.744998 seconds.
  path: Assets/Model/Materials/lambert5.mat
  artifactKey: Guid(2ddab49e4d074154aa9a08388ee24b9a) Importer(815301076,1909f56bfc062723c751e8b465ee728b)
Start importing Assets/Model/Materials/lambert5.mat using Guid(2ddab49e4d074154aa9a08388ee24b9a) Importer(815301076,1909f56bfc062723c751e8b465ee728b)  -> (artifact id: 'abfd50a2e6d03ee3816c0d76061298f4') in 0.206694 seconds
  Import took 0.298199 seconds .

========================================================================
Received Import Request.
  Time since last request: 89.043947 seconds.
  path: Assets/unity-chan!/Unity-chan! Model/Documentation/SplashScreen.pdf
  artifactKey: Guid(c06525567be0e4cfd90dca3c8c626e98) Importer(815301076,1909f56bfc062723c751e8b465ee728b)
Start importing Assets/unity-chan!/Unity-chan! Model/Documentation/SplashScreen.pdf using Guid(c06525567be0e4cfd90dca3c8c626e98) Importer(815301076,1909f56bfc062723c751e8b465ee728b)  -> (artifact id: '6b7adb7c14739f7d9dd5f5eff9ebba19') in 0.178968 seconds
  Import took 0.183395 seconds .

========================================================================
Received Import Request.
  Time since last request: 0.438210 seconds.
  path: Assets/unity-chan!/Unity-chan! Model/Documentation/unitychan_dynamic.pdf
  artifactKey: Guid(63e0f32bd11fb46728b21e4d3925aa34) Importer(815301076,1909f56bfc062723c751e8b465ee728b)
Start importing Assets/unity-chan!/Unity-chan! Model/Documentation/unitychan_dynamic.pdf using Guid(63e0f32bd11fb46728b21e4d3925aa34) Importer(815301076,1909f56bfc062723c751e8b465ee728b)  -> (artifact id: '94b9874a930af0bfbb371718fed2ba6d') in 0.034113 seconds
  Import took 0.038047 seconds .

========================================================================
Received Import Request.
  Time since last request: 1.975677 seconds.
  path: Assets/unity-chan!/Unity-chan! Model/Documentation/unitychan_shader.pdf
  artifactKey: Guid(137e63c1f5c81469e99e2220647911ff) Importer(815301076,1909f56bfc062723c751e8b465ee728b)
Start importing Assets/unity-chan!/Unity-chan! Model/Documentation/unitychan_shader.pdf using Guid(137e63c1f5c81469e99e2220647911ff) Importer(815301076,1909f56bfc062723c751e8b465ee728b)  -> (artifact id: 'c1c561fe549cf10eb6916d846472bfb4') in 0.018862 seconds
  Import took 0.023386 seconds .

========================================================================
Received Import Request.
  Time since last request: 0.937207 seconds.
  path: Assets/unity-chan!/Unity-chan! Model/Documentation/WebPlayerTemplate.pdf
  artifactKey: Guid(f0926b9bbecd94bda8b68e0c738a4526) Importer(815301076,1909f56bfc062723c751e8b465ee728b)
Start importing Assets/unity-chan!/Unity-chan! Model/Documentation/WebPlayerTemplate.pdf using Guid(f0926b9bbecd94bda8b68e0c738a4526) Importer(815301076,1909f56bfc062723c751e8b465ee728b)  -> (artifact id: '47436506c573d26b9b4b32e21748f2a8') in 0.015738 seconds
  Import took 0.019992 seconds .

========================================================================
Received Import Request.
  Time since last request: 931.037048 seconds.
  path: Assets/unity-chan!/Unity-chan! Model/Scenes
  artifactKey: Guid(f19d8ba5e85097445bfcd84b267e2cb0) Importer(815301076,1909f56bfc062723c751e8b465ee728b)
Start importing Assets/unity-chan!/Unity-chan! Model/Scenes using Guid(f19d8ba5e85097445bfcd84b267e2cb0) Importer(815301076,1909f56bfc062723c751e8b465ee728b)  -> (artifact id: '988a360a5925a23859a11ba2e300d9bc') in 0.019661 seconds
  Import took 0.026645 seconds .

========================================================================
Received Import Request.
  Time since last request: 1343.524015 seconds.
  path: Assets/Animation/unitychan (3).controller
  artifactKey: Guid(9b0ec5cb10647694985abe6eb64cb592) Importer(815301076,1909f56bfc062723c751e8b465ee728b)
Start importing Assets/Animation/unitychan (3).controller using Guid(9b0ec5cb10647694985abe6eb64cb592) Importer(815301076,1909f56bfc062723c751e8b465ee728b)  -> (artifact id: 'fee6766b505a8500fa340492ac96794b') in 0.039310 seconds
  Import took 0.046056 seconds .

========================================================================
Received Import Request.
  Time since last request: 3.200057 seconds.
  path: Assets/Animation/unitychan.controller
  artifactKey: Guid(9b0ec5cb10647694985abe6eb64cb592) Importer(815301076,1909f56bfc062723c751e8b465ee728b)
Start importing Assets/Animation/unitychan.controller using Guid(9b0ec5cb10647694985abe6eb64cb592) Importer(815301076,1909f56bfc062723c751e8b465ee728b)  -> (artifact id: 'e501ec5f3d10b7734e5b0be6d29dda14') in 0.019223 seconds
  Import took 0.023693 seconds .

========================================================================
Received Import Request.
  Time since last request: 6.838452 seconds.
  path: Assets/Animation/unitychanarrow.controller
  artifactKey: Guid(9b0ec5cb10647694985abe6eb64cb592) Importer(815301076,1909f56bfc062723c751e8b465ee728b)
Start importing Assets/Animation/unitychanarrow.controller using Guid(9b0ec5cb10647694985abe6eb64cb592) Importer(815301076,1909f56bfc062723c751e8b465ee728b)  -> (artifact id: '5bce1351166147ef76a072c330a82fe3') in 0.016820 seconds
  Import took 0.021467 seconds .

========================================================================
Received Import Request.
  Time since last request: 19.639559 seconds.
  path: Assets/Animation/ArrowStandby.anim
  artifactKey: Guid(2e09613717108584aa3ef275b4f16d40) Importer(815301076,1909f56bfc062723c751e8b465ee728b)
Start importing Assets/Animation/ArrowStandby.anim using Guid(2e09613717108584aa3ef275b4f16d40) Importer(815301076,1909f56bfc062723c751e8b465ee728b)  -> (artifact id: '8e165a7c31680d850a1d9278ed7c9c22') in 0.019062 seconds
  Import took 0.023210 seconds .

========================================================================
Received Import Request.
  Time since last request: 104.119383 seconds.
  path: Assets/Animation/arrowMotion.anim
  artifactKey: Guid(2ca3ef20156460744a3bb7355131a550) Importer(815301076,1909f56bfc062723c751e8b465ee728b)
Start importing Assets/Animation/arrowMotion.anim using Guid(2ca3ef20156460744a3bb7355131a550) Importer(815301076,1909f56bfc062723c751e8b465ee728b)  -> (artifact id: '39ae00745bb044629ff4257f5d926276') in 0.017502 seconds
  Import took 0.024307 seconds .

========================================================================
Received Import Request.
  Time since last request: 21605.041146 seconds.
  path: Assets/Animation/ArrowMotion.anim
  artifactKey: Guid(2ca3ef20156460744a3bb7355131a550) Importer(815301076,1909f56bfc062723c751e8b465ee728b)
Start importing Assets/Animation/ArrowMotion.anim using Guid(2ca3ef20156460744a3bb7355131a550) Importer(815301076,1909f56bfc062723c751e8b465ee728b)  -> (artifact id: 'e4566112558e8d526003a8a1db50606d') in 0.027872 seconds
  Import took 0.035860 seconds .

========================================================================
Received Import Request.
  Time since last request: 0.001485 seconds.
  path: Assets/Animation/ArrowMotion.anim
  artifactKey: Guid(2ca3ef20156460744a3bb7355131a550) Importer(815301076,1909f56bfc062723c751e8b465ee728b)
Start importing Assets/Animation/ArrowMotion.anim using Guid(2ca3ef20156460744a3bb7355131a550) Importer(815301076,1909f56bfc062723c751e8b465ee728b)  -> (artifact id: 'e4566112558e8d526003a8a1db50606d') in 0.018780 seconds
  Import took 0.024471 seconds .

========================================================================
Received Prepare
Registering precompiled user dll's ...
Registered in 0.043879 seconds.
Begin MonoManager ReloadAssembly
Native extension for WindowsStandalone target not found
Native extension for WebGL target not found
Refreshing native plugins compatible for Editor in 0.44 ms, found 0 plugins.
Preloading 0 native plugins for Editor in 0.00 ms.
Invoked RoslynAnalysisRunner static constructor.
RoslynAnalysisRunner will not be running.
RoslynAnalysisRunner has terminated.
Mono: successfully reloaded assembly
- Completed reload, in  1.670 seconds
Platform modules already initialized, skipping
Refreshing native plugins compatible for Editor in 0.38 ms, found 0 plugins.
Preloading 0 native plugins for Editor in 0.00 ms.
Unloading 1506 Unused Serialized files (Serialized files now loaded: 0)
System memory in use before: 110.1 MB.
System memory in use after: 110.2 MB.

Unloading 10 unused Assets to reduce memory usage. Loaded Objects now: 2132.
Total: 2.459900 ms (FindLiveObjects: 0.179000 ms CreateObjectMapping: 0.049300 ms MarkObjects: 1.875800 ms  DeleteObjects: 0.354500 ms)

========================================================================
Received Prepare
Registering precompiled user dll's ...
Registered in 0.068894 seconds.
Begin MonoManager ReloadAssembly
Native extension for WindowsStandalone target not found
Native extension for WebGL target not found
Refreshing native plugins compatible for Editor in 1.22 ms, found 1 plugins.
Preloading 0 native plugins for Editor in 0.00 ms.
Invoked RoslynAnalysisRunner static constructor.
RoslynAnalysisRunner will not be running.
RoslynAnalysisRunner has terminated.
Mono: successfully reloaded assembly
- Completed reload, in  3.483 seconds
Platform modules already initialized, skipping
Refreshing native plugins compatible for Editor in 0.49 ms, found 1 plugins.
Preloading 0 native plugins for Editor in 0.00 ms.
Unloading 1738 Unused Serialized files (Serialized files now loaded: 0)
System memory in use before: 117.0 MB.
System memory in use after: 117.1 MB.

Unloading 13 unused Assets to reduce memory usage. Loaded Objects now: 2365.
Total: 2.799200 ms (FindLiveObjects: 0.247500 ms CreateObjectMapping: 0.077600 ms MarkObjects: 2.099200 ms  DeleteObjects: 0.373300 ms)

========================================================================
Received Import Request.
  Time since last request: 4232.453124 seconds.
  path: Assets/Export/PlayerSet.fbx
  artifactKey: Guid(fadd6ceb26dd8144b99d687e4772c9b1) Importer(815301076,1909f56bfc062723c751e8b465ee728b)
Start importing Assets/Export/PlayerSet.fbx using Guid(fadd6ceb26dd8144b99d687e4772c9b1) Importer(815301076,1909f56bfc062723c751e8b465ee728b)  -> (artifact id: '7043d289478a1a96758abb8bed027413') in 0.448934 seconds
  Import took 0.455196 seconds .

========================================================================
Received Import Request.
  Time since last request: 468.462638 seconds.
  path: Assets/Export/RotChange0.fbx
  artifactKey: Guid(304ef5fbd347c68499fe458408e3c775) Importer(815301076,1909f56bfc062723c751e8b465ee728b)
Start importing Assets/Export/RotChange0.fbx using Guid(304ef5fbd347c68499fe458408e3c775) Importer(815301076,1909f56bfc062723c751e8b465ee728b)  -> (artifact id: 'ba75176aec4ce96215f144c08872f17f') in 0.086250 seconds
  Import took 0.092932 seconds .

========================================================================
Received Import Request.
  Time since last request: 9.889621 seconds.
  path: Assets/Export/bow.fbx
  artifactKey: Guid(ef76cb9dd2e1c8b48861e46240916869) Importer(815301076,1909f56bfc062723c751e8b465ee728b)
Start importing Assets/Export/bow.fbx using Guid(ef76cb9dd2e1c8b48861e46240916869) Importer(815301076,1909f56bfc062723c751e8b465ee728b)  -> (artifact id: 'c68b0bd4073644701ced17b5eba83659') in 0.094627 seconds
  Import took 0.100282 seconds .

========================================================================
Received Import Request.
  Time since last request: 8.209355 seconds.
  path: Assets/Export/unitychan.fbx
  artifactKey: Guid(d7a27ac68ea2e224f87d453ec7aeffba) Importer(815301076,1909f56bfc062723c751e8b465ee728b)
Start importing Assets/Export/unitychan.fbx using Guid(d7a27ac68ea2e224f87d453ec7aeffba) Importer(815301076,1909f56bfc062723c751e8b465ee728b)  -> (artifact id: '108e0e06250b3abf610172384ff9ce10') in 0.271350 seconds
  Import took 0.276839 seconds .

AssetImportWorkerClient::OnTransportError - code=2 error=End of file
